Inicializando sistema de IA...
Generando datos de entrenamiento sintéticos...
Entrenando clasificador...
Precisión del clasificador: 0.910
Entrenando regresor...
Error cuadrático medio del regresor: 0.0137
Modelos entrenados exitosamente!

Importancia de características (Clasificador):
  power_density: 0.170
  weibull_c: 0.170
  mean_wind_speed: 0.165
  capacity_factor: 0.134
  max_wind_speed: 0.104
Sistema de IA inicializado correctamente
Iniciando servidor de API...
 * Serving Flask app 'integrated_api'
 * Debug mode: on
[31m[1mWARNING: This is a development server. Do not use it in a production deployment. Use a production WSGI server instead.[0m
 * Running on all addresses (0.0.0.0)
 * Running on http://127.0.0.1:5002
 * Running on http://169.254.0.21:5002
[33mPress CTRL+C to quit[0m
 * Restarting with stat
 * Debugger is active!
 * Debugger PIN: 233-592-246
